<?xml version="1.0" encoding="UTF-8"?>
<testng-results skipped="0" failed="1" total="1" passed="0">
  <reporter-output>
    <line>
      <![CDATA[Navigate to Site]]>
    </line>
  </reporter-output>
  <suite name="Default suite" duration-ms="14536" started-at="2018-10-08T20:39:11Z" finished-at="2018-10-08T20:39:25Z">
    <groups>
    </groups>
    <test name="Default test" duration-ms="14536" started-at="2018-10-08T20:39:11Z" finished-at="2018-10-08T20:39:25Z">
      <class name="com.kayak.kayakPage.Tests">
        <test-method status="PASS" signature="before()[pri:0, instance:com.kayak.kayakPage.Tests@4520ebad]" name="before" is-config="true" duration-ms="5464" started-at="2018-10-08T17:39:11Z" finished-at="2018-10-08T17:39:16Z">
          <reporter-output>
          </reporter-output>
        </test-method> <!-- before -->
        <test-method status="FAIL" signature="search()[pri:0, instance:com.kayak.kayakPage.Tests@4520ebad]" name="search" duration-ms="9050" started-at="2018-10-08T17:39:16Z" finished-at="2018-10-08T17:39:25Z">
          <exception class="java.lang.NullPointerException">
            <full-stacktrace>
              <![CDATA[java.lang.NullPointerException
	at com.kayak.kayakPage.CarsPage.searching(CarsPage.java:51)
	at com.kayak.kayakPage.Tests.search(Tests.java:99)
	at sun.reflect.NativeMethodAccessorImpl.invoke0(Native Method)
	at sun.reflect.NativeMethodAccessorImpl.invoke(Unknown Source)
	at sun.reflect.DelegatingMethodAccessorImpl.invoke(Unknown Source)
	at java.lang.reflect.Method.invoke(Unknown Source)
	at org.testng.internal.MethodInvocationHelper.invokeMethod(MethodInvocationHelper.java:80)
	at org.testng.internal.Invoker.invokeMethod(Invoker.java:714)
	at org.testng.internal.Invoker.invokeTestMethod(Invoker.java:901)
	at org.testng.internal.Invoker.invokeTestMethods(Invoker.java:1231)
	at org.testng.internal.TestMethodWorker.invokeTestMethods(TestMethodWorker.java:127)
	at org.testng.internal.TestMethodWorker.run(TestMethodWorker.java:111)
	at org.testng.TestRunner.privateRun(TestRunner.java:767)
	at org.testng.TestRunner.run(TestRunner.java:617)
	at org.testng.SuiteRunner.runTest(SuiteRunner.java:334)
	at org.testng.SuiteRunner.runSequentially(SuiteRunner.java:329)
	at org.testng.SuiteRunner.privateRun(SuiteRunner.java:291)
	at org.testng.SuiteRunner.run(SuiteRunner.java:240)
	at org.testng.SuiteRunnerWorker.runSuite(SuiteRunnerWorker.java:52)
	at org.testng.SuiteRunnerWorker.run(SuiteRunnerWorker.java:86)
	at org.testng.TestNG.runSuitesSequentially(TestNG.java:1198)
	at org.testng.TestNG.runSuitesLocally(TestNG.java:1123)
	at org.testng.TestNG.run(TestNG.java:1031)
	at org.testng.remote.AbstractRemoteTestNG.run(AbstractRemoteTestNG.java:114)
	at org.testng.remote.RemoteTestNG.initAndRun(RemoteTestNG.java:251)
	at org.testng.remote.RemoteTestNG.main(RemoteTestNG.java:77)
]]>
            </full-stacktrace>
          </exception> <!-- java.lang.NullPointerException -->
          <reporter-output>
            <line>
              <![CDATA[Navigate to Site]]>
            </line>
          </reporter-output>
        </test-method> <!-- search -->
        <test-method status="PASS" signature="afterMethod(org.testng.ITestResult)[pri:0, instance:com.kayak.kayakPage.Tests@4520ebad]" name="afterMethod" is-config="true" duration-ms="1" started-at="2018-10-08T17:39:25Z" finished-at="2018-10-08T17:39:25Z">
          <params>
            <param index="0">
              <value>
                <![CDATA[[TestResult name=search status=FAILURE method=Tests.search()[pri:0, instance:com.kayak.kayakPage.Tests@4520ebad] output=Navigate to Site]]]>
              </value>
            </param>
          </params>
          <reporter-output>
          </reporter-output>
        </test-method> <!-- afterMethod -->
      </class> <!-- com.kayak.kayakPage.Tests -->
    </test> <!-- Default test -->
  </suite> <!-- Default suite -->
</testng-results>
